npm error code ERESOLVE
npm error ERESOLVE could not resolve
npm error
npm error While resolving: finance-dashboard@1.0.0
npm error Found: react@19.2.4
npm error node_modules/react
npm error   react@"^18.2.0" from the root project
npm error   peer react@"^19.2.4" from react-dom@19.2.4
npm error   node_modules/react-dom
npm error     react-dom@"^18.2.0" from the root project
npm error     peerOptional react-dom@"^18.0.0 || ^19.0.0" from framer-motion@11.18.2
npm error     node_modules/framer-motion
npm error       framer-motion@"^11.0.8" from the root project
npm error   1 more (framer-motion)
npm error
npm error Could not resolve dependency:
npm error lucide-react@"^0.363.0" from the root project
npm error
npm error Conflicting peer dependency: react@18.3.1
npm error node_modules/react
npm error   peer react@"^16.5.1 || ^17.0.0 || ^18.0.0" from lucide-react@0.363.0
npm error   node_modules/lucide-react
npm error     lucide-react@"^0.363.0" from the root project
npm error
npm error Fix the upstream dependency conflict, or retry
npm error this command with --force or --legacy-peer-deps
npm error to accept an incorrect (and potentially broken) dependency resolution.
npm error
npm error
npm error For a full report see:
npm error /home/lalthota/.npm/_logs/2026-04-03T09_19_51_882Z-eresolve-report.txt
npm error A complete log of this run can be found in: /home/lalthota/.npm/_logs/2026-04-03T09_19_51_882Z-debug-0.log
